<?xml version="1.0" encoding="UTF-8"?>
<!-- Generated by org.testng.reporters.JUnitXMLReporter -->
<testsuite hostname="DESKTOP-5AHS53R" ignored="3" name="highProirityTest" tests="8" failures="0" timestamp="04 Jan 2017 00:10:21 GMT" time="70.725" errors="0">
  <testcase name="HPLinkCountTest" time="8.891" classname="ApartmentFinder.HomePage.HomepageObjectsTest1"/>
  <testcase name="HPSearchBoxValueTest" time="6.807" classname="ApartmentFinder.HomePage.HomepageObjectsTest1"/>
  <testcase name="HPTitleTest" time="6.837" classname="ApartmentFinder.HomePage.HomepageObjectsTest1"/>
  <testcase name="homePageElementsTest" time="7.549" classname="ApartmentFinder.HomePage.HomepageObjectsTest1"/>
  <testcase name="FPCountWithoutLogin" time="8.486" classname="ApartmentFinder.MyFavouritesPage.MyFavPageTestWithoutLogin"/>
  <testcase name="FPLocationLookUpTest" time="8.272" classname="ApartmentFinder.MyFavouritesPage.MyFavPageTestWithoutLogin"/>
  <testcase name="FPObjectsTest" time="8.653" classname="ApartmentFinder.MyFavouritesPage.MyFavPageTestWithoutLogin"/>
  <testcase name="FPTitleTest" time="7.976" classname="ApartmentFinder.MyFavouritesPage.MyFavPageTestWithoutLogin"/>
  <testcase name="HPBoldFontSizeTest" time="0.0" classname="ApartmentFinder.HomePage.HomepageObjectsTest1">
    <ignored/>
  </testcase> <!-- HPBoldFontSizeTest -->
  <testcase name="FPLinkCountTest" time="0.0" classname="ApartmentFinder.MyFavouritesPage.MyFavPageTestWithoutLogin">
    <ignored/>
  </testcase> <!-- FPLinkCountTest -->
  <testcase name="HPBannerBackgroundTest" time="0.0" classname="ApartmentFinder.HomePage.HomepageObjectsTest1">
    <ignored/>
  </testcase> <!-- HPBannerBackgroundTest -->
</testsuite> <!-- highProirityTest -->
