<?xml version="1.0" encoding="UTF-8"?>
<!-- Generated by org.testng.reporters.JUnitXMLReporter -->
<testsuite hostname="DESKTOP-5AHS53R" ignored="3" name="highProirityTest" tests="8" failures="0" timestamp="06 Jan 2017 06:15:56 GMT" time="73.9" errors="0">
  <testcase name="HPLinkCountTest" time="7.603" classname="ApartmentFinder.HomePage.HomepageObjectsTest1"/>
  <testcase name="HPSearchBoxValueTest" time="6.448" classname="ApartmentFinder.HomePage.HomepageObjectsTest1"/>
  <testcase name="HPTitleTest" time="6.975" classname="ApartmentFinder.HomePage.HomepageObjectsTest1"/>
  <testcase name="homePageElementsTest" time="8.124" classname="ApartmentFinder.HomePage.HomepageObjectsTest1"/>
  <testcase name="FPCountWithoutLogin" time="8.251" classname="ApartmentFinder.MyFavouritesPage.MyFavPageTestWithoutLogin"/>
  <testcase name="FPLocationLookUpTest" time="7.486" classname="ApartmentFinder.MyFavouritesPage.MyFavPageTestWithoutLogin"/>
  <testcase name="FPObjectsTest" time="8.107" classname="ApartmentFinder.MyFavouritesPage.MyFavPageTestWithoutLogin"/>
  <testcase name="FPTitleTest" time="7.879" classname="ApartmentFinder.MyFavouritesPage.MyFavPageTestWithoutLogin"/>
  <testcase name="HPBoldFontSizeTest" time="0.0" classname="ApartmentFinder.HomePage.HomepageObjectsTest1">
    <ignored/>
  </testcase> <!-- HPBoldFontSizeTest -->
  <testcase name="FPLinkCountTest" time="0.0" classname="ApartmentFinder.MyFavouritesPage.MyFavPageTestWithoutLogin">
    <ignored/>
  </testcase> <!-- FPLinkCountTest -->
  <testcase name="HPBannerBackgroundTest" time="0.0" classname="ApartmentFinder.HomePage.HomepageObjectsTest1">
    <ignored/>
  </testcase> <!-- HPBannerBackgroundTest -->
</testsuite> <!-- highProirityTest -->
