<?xml version="1.0" encoding="UTF-8"?>
<testng-results skipped="0" failed="0" ignored="0" total="1" passed="1">
  <reporter-output>
  </reporter-output>
  <suite name="Default suite" duration-ms="11997" started-at="2017-01-06T20:58:22Z" finished-at="2017-01-06T20:58:34Z">
    <groups>
    </groups>
    <test name="Default test" duration-ms="11997" started-at="2017-01-06T20:58:22Z" finished-at="2017-01-06T20:58:34Z">
      <class name="ApartmentFinder.SignInPage.SignPageObjectTest">
        <test-method status="PASS" signature="objectsTest()[pri:0, instance:ApartmentFinder.SignInPage.SignPageObjectTest@5e3a8624]" name="objectsTest" duration-ms="11976" started-at="2017-01-06T14:58:22Z" finished-at="2017-01-06T14:58:34Z">
          <reporter-output>
          </reporter-output>
        </test-method> <!-- objectsTest -->
      </class> <!-- ApartmentFinder.SignInPage.SignPageObjectTest -->
    </test> <!-- Default test -->
  </suite> <!-- Default suite -->
</testng-results>
